# JRE version: OpenJDK Runtime Environment (8.0_152-b02) (build 1.8.0_152-release-1024-b02)
# Java VM: OpenJDK 64-Bit Server VM (25.152-b02 mixed mode windows-amd64 compressed oops)
Heap:
 PSYoungGen      total 141824K, used 113995K [0x00000000eab00000, 0x00000000f5980000, 0x0000000100000000)
  eden space 128512K, 88% used [0x00000000eab00000,0x00000000f1a52d70,0x00000000f2880000)
  from space 13312K, 0% used [0x00000000f4c80000,0x00000000f4c80000,0x00000000f5980000)
  to   space 9728K, 0% used [0x00000000f2880000,0x00000000f2880000,0x00000000f3200000)
 ParOldGen       total 76288K, used 15398K [0x00000000c0000000, 0x00000000c4a80000, 0x00000000eab00000)
  object space 76288K, 20% used [0x00000000c0000000,0x00000000c0f09910,0x00000000c4a80000)
 Metaspace       used 41392K, capacity 42540K, committed 42712K, reserved 1085440K
  class space    used 5702K, capacity 6062K, committed 6104K, reserved 1048576K
GC Heap History (10 events):
Event: 2.422 GC heap before
{Heap before GC invocations=6 (full 1):
 PSYoungGen      total 70656K, used 5096K [0x00000000eab00000, 0x00000000f3f00000, 0x0000000100000000)
  eden space 65536K, 0% used [0x00000000eab00000,0x00000000eab00000,0x00000000eeb00000)
  from space 5120K, 99% used [0x00000000eeb00000,0x00000000eeffa300,0x00000000ef000000)
  to   space 10240K, 0% used [0x00000000f3500000,0x00000000f3500000,0x00000000f3f00000)
 ParOldGen       total 86016K, used 8499K [0x00000000c0000000, 0x00000000c5400000, 0x00000000eab00000)
  object space 86016K, 9% used [0x00000000c0000000,0x00000000c084cef8,0x00000000c5400000)
 Metaspace       used 20833K, capacity 21232K, committed 21248K, reserved 1067008K
  class space    used 2919K, capacity 3071K, committed 3072K, reserved 1048576K
Event: 2.456 GC heap after
Heap after GC invocations=6 (full 1):
 PSYoungGen      total 70656K, used 0K [0x00000000eab00000, 0x00000000f3f00000, 0x0000000100000000)
  eden space 65536K, 0% used [0x00000000eab00000,0x00000000eab00000,0x00000000eeb00000)
  from space 5120K, 0% used [0x00000000eeb00000,0x00000000eeb00000,0x00000000ef000000)
  to   space 10240K, 0% used [0x00000000f3500000,0x00000000f3500000,0x00000000f3f00000)
 ParOldGen       total 60416K, used 8298K [0x00000000c0000000, 0x00000000c3b00000, 0x00000000eab00000)
  object space 60416K, 13% used [0x00000000c0000000,0x00000000c081aac8,0x00000000c3b00000)
 Metaspace       used 20833K, capacity 21232K, committed 21248K, reserved 1067008K
  class space    used 2919K, capacity 3071K, committed 3072K, reserved 1048576K
}
Event: 3.195 GC heap before
{Heap before GC invocations=7 (full 1):
 PSYoungGen      total 70656K, used 65536K [0x00000000eab00000, 0x00000000f3f00000, 0x0000000100000000)
  eden space 65536K, 100% used [0x00000000eab00000,0x00000000eeb00000,0x00000000eeb00000)
  from space 5120K, 0% used [0x00000000eeb00000,0x00000000eeb00000,0x00000000ef000000)
  to   space 10240K, 0% used [0x00000000f3500000,0x00000000f3500000,0x00000000f3f00000)
 ParOldGen       total 60416K, used 8298K [0x00000000c0000000, 0x00000000c3b00000, 0x00000000eab00000)
  object space 60416K, 13% used [0x00000000c0000000,0x00000000c081aac8,0x00000000c3b00000)
 Metaspace       used 26387K, capacity 26920K, committed 27136K, reserved 1073152K
  class space    used 3632K, capacity 3809K, committed 3840K, reserved 1048576K
Event: 3.204 GC heap after
Heap after GC invocations=7 (full 1):
 PSYoungGen      total 107520K, used 6634K [0x00000000eab00000, 0x00000000f3b80000, 0x0000000100000000)
  eden space 100864K, 0% used [0x00000000eab00000,0x00000000eab00000,0x00000000f0d80000)
  from space 6656K, 99% used [0x00000000f3500000,0x00000000f3b7ab00,0x00000000f3b80000)
  to   space 9728K, 0% used [0x00000000f2880000,0x00000000f2880000,0x00000000f3200000)
 ParOldGen       total 60416K, used 8306K [0x00000000c0000000, 0x00000000c3b00000, 0x00000000eab00000)
  object space 60416K, 13% used [0x00000000c0000000,0x00000000c081cac8,0x00000000c3b00000)
 Metaspace       used 26387K, capacity 26920K, committed 27136K, reserved 1073152K
  class space    used 3632K, capacity 3809K, committed 3840K, reserved 1048576K
}
Event: 4.450 GC heap before
{Heap before GC invocations=8 (full 1):
 PSYoungGen      total 107520K, used 107498K [0x00000000eab00000, 0x00000000f3b80000, 0x0000000100000000)
  eden space 100864K, 100% used [0x00000000eab00000,0x00000000f0d80000,0x00000000f0d80000)
  from space 6656K, 99% used [0x00000000f3500000,0x00000000f3b7ab00,0x00000000f3b80000)
  to   space 9728K, 0% used [0x00000000f2880000,0x00000000f2880000,0x00000000f3200000)
 ParOldGen       total 60416K, used 8306K [0x00000000c0000000, 0x00000000c3b00000, 0x00000000eab00000)
  object space 60416K, 13% used [0x00000000c0000000,0x00000000c081cac8,0x00000000c3b00000)
 Metaspace       used 34343K, capacity 35268K, committed 35416K, reserved 1079296K
  class space    used 4818K, capacity 5123K, committed 5208K, reserved 1048576K
Event: 4.461 GC heap after
Heap after GC invocations=8 (full 1):
 PSYoungGen      total 138240K, used 9715K [0x00000000eab00000, 0x00000000f5980000, 0x0000000100000000)
  eden space 128512K, 0% used [0x00000000eab00000,0x00000000eab00000,0x00000000f2880000)
  from space 9728K, 99% used [0x00000000f2880000,0x00000000f31fcce0,0x00000000f3200000)
  to   space 13312K, 0% used [0x00000000f4c80000,0x00000000f4c80000,0x00000000f5980000)
 ParOldGen       total 60416K, used 12858K [0x00000000c0000000, 0x00000000c3b00000, 0x00000000eab00000)
  object space 60416K, 21% used [0x00000000c0000000,0x00000000c0c8e900,0x00000000c3b00000)
 Metaspace       used 34343K, capacity 35268K, committed 35416K, reserved 1079296K
  class space    used 4818K, capacity 5123K, committed 5208K, reserved 1048576K
}
Event: 4.469 GC heap before
{Heap before GC invocations=9 (full 1):
 PSYoungGen      total 138240K, used 11916K [0x00000000eab00000, 0x00000000f5980000, 0x0000000100000000)
  eden space 128512K, 1% used [0x00000000eab00000,0x00000000ead26688,0x00000000f2880000)
  from space 9728K, 99% used [0x00000000f2880000,0x00000000f31fcce0,0x00000000f3200000)
  to   space 13312K, 0% used [0x00000000f4c80000,0x00000000f4c80000,0x00000000f5980000)
 ParOldGen       total 60416K, used 12858K [0x00000000c0000000, 0x00000000c3b00000, 0x00000000eab00000)
  object space 60416K, 21% used [0x00000000c0000000,0x00000000c0c8e900,0x00000000c3b00000)
 Metaspace       used 34409K, capacity 35268K, committed 35416K, reserved 1079296K
  class space    used 4833K, capacity 5123K, committed 5208K, reserved 1048576K
Event: 4.476 GC heap after
Heap after GC invocations=9 (full 1):
 PSYoungGen      total 141824K, used 8880K [0x00000000eab00000, 0x00000000f5980000, 0x0000000100000000)
  eden space 128512K, 0% used [0x00000000eab00000,0x00000000eab00000,0x00000000f2880000)
  from space 13312K, 66% used [0x00000000f4c80000,0x00000000f552c010,0x00000000f5980000)
  to   space 9728K, 0% used [0x00000000f2880000,0x00000000f2880000,0x00000000f3200000)
 ParOldGen       total 60416K, used 12858K [0x00000000c0000000, 0x00000000c3b00000, 0x00000000eab00000)
  object space 60416K, 21% used [0x00000000c0000000,0x00000000c0c8e900,0x00000000c3b00000)
 Metaspace       used 34409K, capacity 35268K, committed 35416K, reserved 1079296K
  class space    used 4833K, capacity 5123K, committed 5208K, reserved 1048576K
}
Event: 4.476 GC heap before
{Heap before GC invocations=10 (full 2):
 PSYoungGen      total 141824K, used 8880K [0x00000000eab00000, 0x00000000f5980000, 0x0000000100000000)
  eden space 128512K, 0% used [0x00000000eab00000,0x00000000eab00000,0x00000000f2880000)
  from space 13312K, 66% used [0x00000000f4c80000,0x00000000f552c010,0x00000000f5980000)
  to   space 9728K, 0% used [0x00000000f2880000,0x00000000f2880000,0x00000000f3200000)
 ParOldGen       total 60416K, used 12858K [0x00000000c0000000, 0x00000000c3b00000, 0x00000000eab00000)
  object space 60416K, 21% used [0x00000000c0000000,0x00000000c0c8e900,0x00000000c3b00000)
 Metaspace       used 34409K, capacity 35268K, committed 35416K, reserved 1079296K
  class space    used 4833K, capacity 5123K, committed 5208K, reserved 1048576K
Event: 4.537 GC heap after
Heap after GC invocations=10 (full 2):
 PSYoungGen      total 141824K, used 0K [0x00000000eab00000, 0x00000000f5980000, 0x0000000100000000)
  eden space 128512K, 0% used [0x00000000eab00000,0x00000000eab00000,0x00000000f2880000)
  from space 13312K, 0% used [0x00000000f4c80000,0x00000000f4c80000,0x00000000f5980000)
  to   space 9728K, 0% used [0x00000000f2880000,0x00000000f2880000,0x00000000f3200000)
 ParOldGen       total 76288K, used 15398K [0x00000000c0000000, 0x00000000c4a80000, 0x00000000eab00000)
  object space 76288K, 20% used [0x00000000c0000000,0x00000000c0f09910,0x00000000c4a80000)
 Metaspace       used 34409K, capacity 35268K, committed 35416K, reserved 1079296K
  class space    used 4833K, capacity 5123K, committed 5208K, reserved 1048576K
}

