# JRE version: OpenJDK Runtime Environment (8.0_152-b02) (build 1.8.0_152-release-1024-b02)
# Java VM: OpenJDK 64-Bit Server VM (25.152-b02 mixed mode windows-amd64 compressed oops)
Heap:
 PSYoungGen      total 216064K, used 110723K [0x00000000eab00000, 0x00000000fd280000, 0x0000000100000000)
  eden space 203264K, 48% used [0x00000000eab00000,0x00000000f0ac24a8,0x00000000f7180000)
  from space 12800K, 98% used [0x00000000f7700000,0x00000000f835ead8,0x00000000f8380000)
  to   space 49664K, 0% used [0x00000000fa200000,0x00000000fa200000,0x00000000fd280000)
 ParOldGen       total 255488K, used 81355K [0x00000000c0000000, 0x00000000cf980000, 0x00000000eab00000)
  object space 255488K, 31% used [0x00000000c0000000,0x00000000c4f72f90,0x00000000cf980000)
 Metaspace       used 78152K, capacity 81404K, committed 82432K, reserved 1120256K
  class space    used 10067K, capacity 10733K, committed 11008K, reserved 1048576K
GC Heap History (10 events):
Event: 143.169 GC heap before
{Heap before GC invocations=25 (full 4):
 PSYoungGen      total 217600K, used 217574K [0x00000000eab00000, 0x00000000fcd00000, 0x0000000100000000)
  eden space 168960K, 100% used [0x00000000eab00000,0x00000000f5000000,0x00000000f5000000)
  from space 48640K, 99% used [0x00000000f8880000,0x00000000fb7f9af8,0x00000000fb800000)
  to   space 57856K, 0% used [0x00000000f5000000,0x00000000f5000000,0x00000000f8880000)
 ParOldGen       total 255488K, used 75088K [0x00000000c0000000, 0x00000000cf980000, 0x00000000eab00000)
  object space 255488K, 29% used [0x00000000c0000000,0x00000000c4954100,0x00000000cf980000)
 Metaspace       used 73705K, capacity 76400K, committed 78208K, reserved 1116160K
  class space    used 9615K, capacity 10219K, committed 10624K, reserved 1048576K
Event: 143.180 GC heap after
Heap after GC invocations=25 (full 4):
 PSYoungGen      total 226816K, used 13440K [0x00000000eab00000, 0x00000000fd300000, 0x0000000100000000)
  eden space 168960K, 0% used [0x00000000eab00000,0x00000000eab00000,0x00000000f5000000)
  from space 57856K, 23% used [0x00000000f5000000,0x00000000f5d20378,0x00000000f8880000)
  to   space 55808K, 0% used [0x00000000f9c80000,0x00000000f9c80000,0x00000000fd300000)
 ParOldGen       total 255488K, used 81323K [0x00000000c0000000, 0x00000000cf980000, 0x00000000eab00000)
  object space 255488K, 31% used [0x00000000c0000000,0x00000000c4f6af90,0x00000000cf980000)
 Metaspace       used 73705K, capacity 76400K, committed 78208K, reserved 1116160K
  class space    used 9615K, capacity 10219K, committed 10624K, reserved 1048576K
}
Event: 143.948 GC heap before
{Heap before GC invocations=26 (full 4):
 PSYoungGen      total 226816K, used 181852K [0x00000000eab00000, 0x00000000fd300000, 0x0000000100000000)
  eden space 168960K, 99% used [0x00000000eab00000,0x00000000f4f76e28,0x00000000f5000000)
  from space 57856K, 23% used [0x00000000f5000000,0x00000000f5d20378,0x00000000f8880000)
  to   space 55808K, 0% used [0x00000000f9c80000,0x00000000f9c80000,0x00000000fd300000)
 ParOldGen       total 255488K, used 81323K [0x00000000c0000000, 0x00000000cf980000, 0x00000000eab00000)
  object space 255488K, 31% used [0x00000000c0000000,0x00000000c4f6af90,0x00000000cf980000)
 Metaspace       used 73706K, capacity 76400K, committed 78208K, reserved 1116160K
  class space    used 9615K, capacity 10219K, committed 10624K, reserved 1048576K
Event: 143.958 GC heap after
Heap after GC invocations=26 (full 4):
 PSYoungGen      total 245248K, used 28325K [0x00000000eab00000, 0x00000000fd100000, 0x0000000100000000)
  eden space 191488K, 0% used [0x00000000eab00000,0x00000000eab00000,0x00000000f6600000)
  from space 53760K, 52% used [0x00000000f9c80000,0x00000000fb829498,0x00000000fd100000)
  to   space 54784K, 0% used [0x00000000f6600000,0x00000000f6600000,0x00000000f9b80000)
 ParOldGen       total 255488K, used 81331K [0x00000000c0000000, 0x00000000cf980000, 0x00000000eab00000)
  object space 255488K, 31% used [0x00000000c0000000,0x00000000c4f6cf90,0x00000000cf980000)
 Metaspace       used 73706K, capacity 76400K, committed 78208K, reserved 1116160K
  class space    used 9615K, capacity 10219K, committed 10624K, reserved 1048576K
}
Event: 363.794 GC heap before
{Heap before GC invocations=27 (full 4):
 PSYoungGen      total 245248K, used 219813K [0x00000000eab00000, 0x00000000fd100000, 0x0000000100000000)
  eden space 191488K, 100% used [0x00000000eab00000,0x00000000f6600000,0x00000000f6600000)
  from space 53760K, 52% used [0x00000000f9c80000,0x00000000fb829498,0x00000000fd100000)
  to   space 54784K, 0% used [0x00000000f6600000,0x00000000f6600000,0x00000000f9b80000)
 ParOldGen       total 255488K, used 81331K [0x00000000c0000000, 0x00000000cf980000, 0x00000000eab00000)
  object space 255488K, 31% used [0x00000000c0000000,0x00000000c4f6cf90,0x00000000cf980000)
 Metaspace       used 74997K, capacity 78080K, committed 79616K, reserved 1118208K
  class space    used 9747K, capacity 10401K, committed 10752K, reserved 1048576K
Event: 363.807 GC heap after
Heap after GC invocations=27 (full 4):
 PSYoungGen      total 246272K, used 11247K [0x00000000eab00000, 0x00000000fe380000, 0x0000000100000000)
  eden space 191488K, 0% used [0x00000000eab00000,0x00000000eab00000,0x00000000f6600000)
  from space 54784K, 20% used [0x00000000f6600000,0x00000000f70fbfc0,0x00000000f9b80000)
  to   space 53760K, 0% used [0x00000000faf00000,0x00000000faf00000,0x00000000fe380000)
 ParOldGen       total 255488K, used 81339K [0x00000000c0000000, 0x00000000cf980000, 0x00000000eab00000)
  object space 255488K, 31% used [0x00000000c0000000,0x00000000c4f6ef90,0x00000000cf980000)
 Metaspace       used 74997K, capacity 78080K, committed 79616K, reserved 1118208K
  class space    used 9747K, capacity 10401K, committed 10752K, reserved 1048576K
}
Event: 372.049 GC heap before
{Heap before GC invocations=28 (full 4):
 PSYoungGen      total 246272K, used 199311K [0x00000000eab00000, 0x00000000fe380000, 0x0000000100000000)
  eden space 191488K, 98% used [0x00000000eab00000,0x00000000f62a7e70,0x00000000f6600000)
  from space 54784K, 20% used [0x00000000f6600000,0x00000000f70fbfc0,0x00000000f9b80000)
  to   space 53760K, 0% used [0x00000000faf00000,0x00000000faf00000,0x00000000fe380000)
 ParOldGen       total 255488K, used 81339K [0x00000000c0000000, 0x00000000cf980000, 0x00000000eab00000)
  object space 255488K, 31% used [0x00000000c0000000,0x00000000c4f6ef90,0x00000000cf980000)
 Metaspace       used 76816K, capacity 79942K, committed 81152K, reserved 1120256K
  class space    used 9950K, capacity 10606K, committed 11008K, reserved 1048576K
Event: 372.062 GC heap after
Heap after GC invocations=28 (full 4):
 PSYoungGen      total 253952K, used 17101K [0x00000000eab00000, 0x00000000fdb00000, 0x0000000100000000)
  eden space 208896K, 0% used [0x00000000eab00000,0x00000000eab00000,0x00000000f7700000)
  from space 45056K, 37% used [0x00000000faf00000,0x00000000fbfb3788,0x00000000fdb00000)
  to   space 51200K, 0% used [0x00000000f7700000,0x00000000f7700000,0x00000000fa900000)
 ParOldGen       total 255488K, used 81347K [0x00000000c0000000, 0x00000000cf980000, 0x00000000eab00000)
  object space 255488K, 31% used [0x00000000c0000000,0x00000000c4f70f90,0x00000000cf980000)
 Metaspace       used 76816K, capacity 79942K, committed 81152K, reserved 1120256K
  class space    used 9950K, capacity 10606K, committed 11008K, reserved 1048576K
}
Event: 878.853 GC heap before
{Heap before GC invocations=29 (full 4):
 PSYoungGen      total 253952K, used 225997K [0x00000000eab00000, 0x00000000fdb00000, 0x0000000100000000)
  eden space 208896K, 100% used [0x00000000eab00000,0x00000000f7700000,0x00000000f7700000)
  from space 45056K, 37% used [0x00000000faf00000,0x00000000fbfb3788,0x00000000fdb00000)
  to   space 51200K, 0% used [0x00000000f7700000,0x00000000f7700000,0x00000000fa900000)
 ParOldGen       total 255488K, used 81347K [0x00000000c0000000, 0x00000000cf980000, 0x00000000eab00000)
  object space 255488K, 31% used [0x00000000c0000000,0x00000000c4f70f90,0x00000000cf980000)
 Metaspace       used 77275K, capacity 80538K, committed 81664K, reserved 1120256K
  class space    used 9982K, capacity 10662K, committed 11008K, reserved 1048576K
Event: 878.906 GC heap after
Heap after GC invocations=29 (full 4):
 PSYoungGen      total 216064K, used 12666K [0x00000000eab00000, 0x00000000fd280000, 0x0000000100000000)
  eden space 203264K, 0% used [0x00000000eab00000,0x00000000eab00000,0x00000000f7180000)
  from space 12800K, 98% used [0x00000000f7700000,0x00000000f835ead8,0x00000000f8380000)
  to   space 49664K, 0% used [0x00000000fa200000,0x00000000fa200000,0x00000000fd280000)
 ParOldGen       total 255488K, used 81355K [0x00000000c0000000, 0x00000000cf980000, 0x00000000eab00000)
  object space 255488K, 31% used [0x00000000c0000000,0x00000000c4f72f90,0x00000000cf980000)
 Metaspace       used 77275K, capacity 80538K, committed 81664K, reserved 1120256K
  class space    used 9982K, capacity 10662K, committed 11008K, reserved 1048576K
}

