# JRE version: OpenJDK Runtime Environment (8.0_152-b02) (build 1.8.0_152-release-1024-b02)
# Java VM: OpenJDK 64-Bit Server VM (25.152-b02 mixed mode windows-amd64 compressed oops)
Heap:
 PSYoungGen      total 278528K, used 125695K [0x00000000eab00000, 0x0000000100000000, 0x0000000100000000)
  eden space 229376K, 33% used [0x00000000eab00000,0x00000000ef5dcf60,0x00000000f8b00000)
  from space 49152K, 99% used [0x00000000f8b00000,0x00000000fbae2d18,0x00000000fbb00000)
  to   space 66560K, 0% used [0x00000000fbf00000,0x00000000fbf00000,0x0000000100000000)
 ParOldGen       total 272384K, used 122950K [0x00000000c0000000, 0x00000000d0a00000, 0x00000000eab00000)
  object space 272384K, 45% used [0x00000000c0000000,0x00000000c78119e0,0x00000000d0a00000)
 Metaspace       used 91154K, capacity 95146K, committed 96984K, reserved 1134592K
  class space    used 11380K, capacity 12256K, committed 12760K, reserved 1048576K
GC Heap History (10 events):
Event: 314.461 GC heap before
{Heap before GC invocations=25 (full 3):
 PSYoungGen      total 297984K, used 251082K [0x00000000eab00000, 0x00000000fff00000, 0x0000000100000000)
  eden space 247808K, 99% used [0x00000000eab00000,0x00000000f9cf9d88,0x00000000f9d00000)
  from space 50176K, 6% used [0x00000000f9d00000,0x00000000fa038da8,0x00000000fce00000)
  to   space 50176K, 0% used [0x00000000fce00000,0x00000000fce00000,0x00000000fff00000)
 ParOldGen       total 152064K, used 124249K [0x00000000c0000000, 0x00000000c9480000, 0x00000000eab00000)
  object space 152064K, 81% used [0x00000000c0000000,0x00000000c79566b8,0x00000000c9480000)
 Metaspace       used 87553K, capacity 92006K, committed 92120K, reserved 1128448K
  class space    used 11215K, capacity 12204K, committed 12248K, reserved 1048576K
Event: 314.468 GC heap after
Heap after GC invocations=25 (full 3):
 PSYoungGen      total 298496K, used 3462K [0x00000000eab00000, 0x00000000fff00000, 0x0000000100000000)
  eden space 248320K, 0% used [0x00000000eab00000,0x00000000eab00000,0x00000000f9d80000)
  from space 50176K, 6% used [0x00000000fce00000,0x00000000fd161ab8,0x00000000fff00000)
  to   space 49664K, 0% used [0x00000000f9d80000,0x00000000f9d80000,0x00000000fce00000)
 ParOldGen       total 152064K, used 124281K [0x00000000c0000000, 0x00000000c9480000, 0x00000000eab00000)
  object space 152064K, 81% used [0x00000000c0000000,0x00000000c795e6b8,0x00000000c9480000)
 Metaspace       used 87553K, capacity 92006K, committed 92120K, reserved 1128448K
  class space    used 11215K, capacity 12204K, committed 12248K, reserved 1048576K
}
Event: 348.473 GC heap before
{Heap before GC invocations=26 (full 3):
 PSYoungGen      total 298496K, used 251782K [0x00000000eab00000, 0x00000000fff00000, 0x0000000100000000)
  eden space 248320K, 100% used [0x00000000eab00000,0x00000000f9d80000,0x00000000f9d80000)
  from space 50176K, 6% used [0x00000000fce00000,0x00000000fd161ab8,0x00000000fff00000)
  to   space 49664K, 0% used [0x00000000f9d80000,0x00000000f9d80000,0x00000000fce00000)
 ParOldGen       total 152064K, used 124281K [0x00000000c0000000, 0x00000000c9480000, 0x00000000eab00000)
  object space 152064K, 81% used [0x00000000c0000000,0x00000000c795e6b8,0x00000000c9480000)
 Metaspace       used 91165K, capacity 95884K, committed 96088K, reserved 1132544K
  class space    used 11590K, capacity 12601K, committed 12632K, reserved 1048576K
Event: 348.484 GC heap after
Heap after GC invocations=26 (full 3):
 PSYoungGen      total 260608K, used 12035K [0x00000000eab00000, 0x00000000ffb80000, 0x0000000100000000)
  eden space 248320K, 0% used [0x00000000eab00000,0x00000000eab00000,0x00000000f9d80000)
  from space 12288K, 97% used [0x00000000f9d80000,0x00000000fa940dd0,0x00000000fa980000)
  to   space 47616K, 0% used [0x00000000fcd00000,0x00000000fcd00000,0x00000000ffb80000)
 ParOldGen       total 152064K, used 124305K [0x00000000c0000000, 0x00000000c9480000, 0x00000000eab00000)
  object space 152064K, 81% used [0x00000000c0000000,0x00000000c79646b8,0x00000000c9480000)
 Metaspace       used 91165K, capacity 95884K, committed 96088K, reserved 1132544K
  class space    used 11590K, capacity 12601K, committed 12632K, reserved 1048576K
}
Event: 352.424 GC heap before
{Heap before GC invocations=27 (full 3):
 PSYoungGen      total 260608K, used 260355K [0x00000000eab00000, 0x00000000ffb80000, 0x0000000100000000)
  eden space 248320K, 100% used [0x00000000eab00000,0x00000000f9d80000,0x00000000f9d80000)
  from space 12288K, 97% used [0x00000000f9d80000,0x00000000fa940dd0,0x00000000fa980000)
  to   space 47616K, 0% used [0x00000000fcd00000,0x00000000fcd00000,0x00000000ffb80000)
 ParOldGen       total 152064K, used 124305K [0x00000000c0000000, 0x00000000c9480000, 0x00000000eab00000)
  object space 152064K, 81% used [0x00000000c0000000,0x00000000c79646b8,0x00000000c9480000)
 Metaspace       used 91405K, capacity 96146K, committed 96344K, reserved 1132544K
  class space    used 11602K, capacity 12622K, committed 12632K, reserved 1048576K
Event: 352.461 GC heap after
Heap after GC invocations=27 (full 3):
 PSYoungGen      total 276992K, used 47600K [0x00000000eab00000, 0x0000000100000000, 0x0000000100000000)
  eden space 229376K, 0% used [0x00000000eab00000,0x00000000eab00000,0x00000000f8b00000)
  from space 47616K, 99% used [0x00000000fcd00000,0x00000000ffb7c248,0x00000000ffb80000)
  to   space 59904K, 0% used [0x00000000f8b00000,0x00000000f8b00000,0x00000000fc580000)
 ParOldGen       total 152064K, used 135211K [0x00000000c0000000, 0x00000000c9480000, 0x00000000eab00000)
  object space 152064K, 88% used [0x00000000c0000000,0x00000000c840ae90,0x00000000c9480000)
 Metaspace       used 91405K, capacity 96146K, committed 96344K, reserved 1132544K
  class space    used 11602K, capacity 12622K, committed 12632K, reserved 1048576K
}
Event: 352.461 GC heap before
{Heap before GC invocations=28 (full 4):
 PSYoungGen      total 276992K, used 47600K [0x00000000eab00000, 0x0000000100000000, 0x0000000100000000)
  eden space 229376K, 0% used [0x00000000eab00000,0x00000000eab00000,0x00000000f8b00000)
  from space 47616K, 99% used [0x00000000fcd00000,0x00000000ffb7c248,0x00000000ffb80000)
  to   space 59904K, 0% used [0x00000000f8b00000,0x00000000f8b00000,0x00000000fc580000)
 ParOldGen       total 152064K, used 135211K [0x00000000c0000000, 0x00000000c9480000, 0x00000000eab00000)
  object space 152064K, 88% used [0x00000000c0000000,0x00000000c840ae90,0x00000000c9480000)
 Metaspace       used 91405K, capacity 96146K, committed 96344K, reserved 1132544K
  class space    used 11602K, capacity 12622K, committed 12632K, reserved 1048576K
Event: 352.837 GC heap after
Heap after GC invocations=28 (full 4):
 PSYoungGen      total 276992K, used 0K [0x00000000eab00000, 0x0000000100000000, 0x0000000100000000)
  eden space 229376K, 0% used [0x00000000eab00000,0x00000000eab00000,0x00000000f8b00000)
  from space 47616K, 0% used [0x00000000fcd00000,0x00000000fcd00000,0x00000000ffb80000)
  to   space 59904K, 0% used [0x00000000f8b00000,0x00000000f8b00000,0x00000000fc580000)
 ParOldGen       total 272384K, used 122942K [0x00000000c0000000, 0x00000000d0a00000, 0x00000000eab00000)
  object space 272384K, 45% used [0x00000000c0000000,0x00000000c780f9e0,0x00000000d0a00000)
 Metaspace       used 90698K, capacity 94394K, committed 96344K, reserved 1132544K
  class space    used 11352K, capacity 12192K, committed 12632K, reserved 1048576K
}
Event: 376.633 GC heap before
{Heap before GC invocations=29 (full 4):
 PSYoungGen      total 276992K, used 229376K [0x00000000eab00000, 0x0000000100000000, 0x0000000100000000)
  eden space 229376K, 100% used [0x00000000eab00000,0x00000000f8b00000,0x00000000f8b00000)
  from space 47616K, 0% used [0x00000000fcd00000,0x00000000fcd00000,0x00000000ffb80000)
  to   space 59904K, 0% used [0x00000000f8b00000,0x00000000f8b00000,0x00000000fc580000)
 ParOldGen       total 272384K, used 122942K [0x00000000c0000000, 0x00000000d0a00000, 0x00000000eab00000)
  object space 272384K, 45% used [0x00000000c0000000,0x00000000c780f9e0,0x00000000d0a00000)
 Metaspace       used 91125K, capacity 95018K, committed 96728K, reserved 1132544K
  class space    used 11380K, capacity 12256K, committed 12760K, reserved 1048576K
Event: 376.665 GC heap after
Heap after GC invocations=29 (full 4):
 PSYoungGen      total 278528K, used 49035K [0x00000000eab00000, 0x0000000100000000, 0x0000000100000000)
  eden space 229376K, 0% used [0x00000000eab00000,0x00000000eab00000,0x00000000f8b00000)
  from space 49152K, 99% used [0x00000000f8b00000,0x00000000fbae2d18,0x00000000fbb00000)
  to   space 66560K, 0% used [0x00000000fbf00000,0x00000000fbf00000,0x0000000100000000)
 ParOldGen       total 272384K, used 122950K [0x00000000c0000000, 0x00000000d0a00000, 0x00000000eab00000)
  object space 272384K, 45% used [0x00000000c0000000,0x00000000c78119e0,0x00000000d0a00000)
 Metaspace       used 91125K, capacity 95018K, committed 96728K, reserved 1132544K
  class space    used 11380K, capacity 12256K, committed 12760K, reserved 1048576K
}

