# JRE version: OpenJDK Runtime Environment (8.0_152-b02) (build 1.8.0_152-release-1024-b02)
# Java VM: OpenJDK 64-Bit Server VM (25.152-b02 mixed mode windows-amd64 compressed oops)
Heap:
 PSYoungGen      total 445952K, used 96265K [0x00000000e0000000, 0x0000000100000000, 0x0000000100000000)
  eden space 403456K, 13% used [0x00000000e0000000,0x00000000e34b3a90,0x00000000f8a00000)
  from space 42496K, 99% used [0x00000000f8a00000,0x00000000fb34eb50,0x00000000fb380000)
  to   space 64000K, 0% used [0x00000000fc180000,0x00000000fc180000,0x0000000100000000)
 ParOldGen       total 207360K, used 70395K [0x00000000a0000000, 0x00000000aca80000, 0x00000000e0000000)
  object space 207360K, 33% used [0x00000000a0000000,0x00000000a44bee40,0x00000000aca80000)
 Metaspace       used 104944K, capacity 110920K, committed 111192K, reserved 1146880K
  class space    used 13219K, capacity 14423K, committed 14464K, reserved 1048576K
GC Heap History (10 events):
Event: 148.513 GC heap before
{Heap before GC invocations=25 (full 4):
 PSYoungGen      total 441344K, used 401180K [0x00000000e0000000, 0x0000000100000000, 0x0000000100000000)
  eden space 401408K, 99% used [0x00000000e0000000,0x00000000f87c7288,0x00000000f8800000)
  from space 39936K, 0% used [0x00000000fd900000,0x00000000fd900000,0x0000000100000000)
  to   space 61440K, 0% used [0x00000000f8800000,0x00000000f8800000,0x00000000fc400000)
 ParOldGen       total 207360K, used 64557K [0x00000000a0000000, 0x00000000aca80000, 0x00000000e0000000)
  object space 207360K, 31% used [0x00000000a0000000,0x00000000a3f0b710,0x00000000aca80000)
 Metaspace       used 75201K, capacity 77698K, committed 78168K, reserved 1118208K
  class space    used 9424K, capacity 9946K, committed 10112K, reserved 1048576K
Event: 148.516 GC heap after
Heap after GC invocations=25 (full 4):
 PSYoungGen      total 462848K, used 1729K [0x00000000e0000000, 0x0000000100000000, 0x0000000100000000)
  eden space 401408K, 0% used [0x00000000e0000000,0x00000000e0000000,0x00000000f8800000)
  from space 61440K, 2% used [0x00000000f8800000,0x00000000f89b0600,0x00000000fc400000)
  to   space 61440K, 0% used [0x00000000fc400000,0x00000000fc400000,0x0000000100000000)
 ParOldGen       total 207360K, used 64565K [0x00000000a0000000, 0x00000000aca80000, 0x00000000e0000000)
  object space 207360K, 31% used [0x00000000a0000000,0x00000000a3f0d710,0x00000000aca80000)
 Metaspace       used 75201K, capacity 77698K, committed 78168K, reserved 1118208K
  class space    used 9424K, capacity 9946K, committed 10112K, reserved 1048576K
}
Event: 657.702 GC heap before
{Heap before GC invocations=26 (full 4):
 PSYoungGen      total 462848K, used 403137K [0x00000000e0000000, 0x0000000100000000, 0x0000000100000000)
  eden space 401408K, 100% used [0x00000000e0000000,0x00000000f8800000,0x00000000f8800000)
  from space 61440K, 2% used [0x00000000f8800000,0x00000000f89b0600,0x00000000fc400000)
  to   space 61440K, 0% used [0x00000000fc400000,0x00000000fc400000,0x0000000100000000)
 ParOldGen       total 207360K, used 64565K [0x00000000a0000000, 0x00000000aca80000, 0x00000000e0000000)
  object space 207360K, 31% used [0x00000000a0000000,0x00000000a3f0d710,0x00000000aca80000)
 Metaspace       used 80194K, capacity 83396K, committed 83544K, reserved 1122304K
  class space    used 10067K, capacity 10787K, committed 10880K, reserved 1048576K
Event: 657.717 GC heap after
Heap after GC invocations=26 (full 4):
 PSYoungGen      total 456704K, used 12168K [0x00000000e0000000, 0x00000000ffa00000, 0x0000000100000000)
  eden space 401408K, 0% used [0x00000000e0000000,0x00000000e0000000,0x00000000f8800000)
  from space 55296K, 22% used [0x00000000fc400000,0x00000000fcfe2278,0x00000000ffa00000)
  to   space 58368K, 0% used [0x00000000f8800000,0x00000000f8800000,0x00000000fc100000)
 ParOldGen       total 207360K, used 65124K [0x00000000a0000000, 0x00000000aca80000, 0x00000000e0000000)
  object space 207360K, 31% used [0x00000000a0000000,0x00000000a3f99330,0x00000000aca80000)
 Metaspace       used 80194K, capacity 83396K, committed 83544K, reserved 1122304K
  class space    used 10067K, capacity 10787K, committed 10880K, reserved 1048576K
}
Event: 859.925 GC heap before
{Heap before GC invocations=27 (full 4):
 PSYoungGen      total 456704K, used 413576K [0x00000000e0000000, 0x00000000ffa00000, 0x0000000100000000)
  eden space 401408K, 100% used [0x00000000e0000000,0x00000000f8800000,0x00000000f8800000)
  from space 55296K, 22% used [0x00000000fc400000,0x00000000fcfe2278,0x00000000ffa00000)
  to   space 58368K, 0% used [0x00000000f8800000,0x00000000f8800000,0x00000000fc100000)
 ParOldGen       total 207360K, used 65124K [0x00000000a0000000, 0x00000000aca80000, 0x00000000e0000000)
  object space 207360K, 31% used [0x00000000a0000000,0x00000000a3f99330,0x00000000aca80000)
 Metaspace       used 87796K, capacity 91708K, committed 91864K, reserved 1128448K
  class space    used 11092K, capacity 11993K, committed 12032K, reserved 1048576K
Event: 859.940 GC heap after
Heap after GC invocations=27 (full 4):
 PSYoungGen      total 459776K, used 22817K [0x00000000e0000000, 0x00000000ffe00000, 0x0000000100000000)
  eden space 401408K, 0% used [0x00000000e0000000,0x00000000e0000000,0x00000000f8800000)
  from space 58368K, 39% used [0x00000000f8800000,0x00000000f9e48788,0x00000000fc100000)
  to   space 55808K, 0% used [0x00000000fc780000,0x00000000fc780000,0x00000000ffe00000)
 ParOldGen       total 207360K, used 70379K [0x00000000a0000000, 0x00000000aca80000, 0x00000000e0000000)
  object space 207360K, 33% used [0x00000000a0000000,0x00000000a44bae40,0x00000000aca80000)
 Metaspace       used 87796K, capacity 91708K, committed 91864K, reserved 1128448K
  class space    used 11092K, capacity 11993K, committed 12032K, reserved 1048576K
}
Event: 922.563 GC heap before
{Heap before GC invocations=28 (full 4):
 PSYoungGen      total 459776K, used 424225K [0x00000000e0000000, 0x00000000ffe00000, 0x0000000100000000)
  eden space 401408K, 100% used [0x00000000e0000000,0x00000000f8800000,0x00000000f8800000)
  from space 58368K, 39% used [0x00000000f8800000,0x00000000f9e48788,0x00000000fc100000)
  to   space 55808K, 0% used [0x00000000fc780000,0x00000000fc780000,0x00000000ffe00000)
 ParOldGen       total 207360K, used 70379K [0x00000000a0000000, 0x00000000aca80000, 0x00000000e0000000)
  object space 207360K, 33% used [0x00000000a0000000,0x00000000a44bae40,0x00000000aca80000)
 Metaspace       used 101666K, capacity 107406K, committed 107480K, reserved 1142784K
  class space    used 12883K, capacity 14074K, committed 14080K, reserved 1048576K
Event: 922.603 GC heap after
Heap after GC invocations=28 (full 4):
 PSYoungGen      total 459264K, used 41460K [0x00000000e0000000, 0x0000000100000000, 0x0000000100000000)
  eden space 403456K, 0% used [0x00000000e0000000,0x00000000e0000000,0x00000000f8a00000)
  from space 55808K, 74% used [0x00000000fc780000,0x00000000feffd350,0x00000000ffe00000)
  to   space 60416K, 0% used [0x00000000f8a00000,0x00000000f8a00000,0x00000000fc500000)
 ParOldGen       total 207360K, used 70387K [0x00000000a0000000, 0x00000000aca80000, 0x00000000e0000000)
  object space 207360K, 33% used [0x00000000a0000000,0x00000000a44bce40,0x00000000aca80000)
 Metaspace       used 101666K, capacity 107406K, committed 107480K, reserved 1142784K
  class space    used 12883K, capacity 14074K, committed 14080K, reserved 1048576K
}
Event: 1021.622 GC heap before
{Heap before GC invocations=29 (full 4):
 PSYoungGen      total 459264K, used 444916K [0x00000000e0000000, 0x0000000100000000, 0x0000000100000000)
  eden space 403456K, 100% used [0x00000000e0000000,0x00000000f8a00000,0x00000000f8a00000)
  from space 55808K, 74% used [0x00000000fc780000,0x00000000feffd350,0x00000000ffe00000)
  to   space 60416K, 0% used [0x00000000f8a00000,0x00000000f8a00000,0x00000000fc500000)
 ParOldGen       total 207360K, used 70387K [0x00000000a0000000, 0x00000000aca80000, 0x00000000e0000000)
  object space 207360K, 33% used [0x00000000a0000000,0x00000000a44bce40,0x00000000aca80000)
 Metaspace       used 104872K, capacity 110802K, committed 110936K, reserved 1146880K
  class space    used 13213K, capacity 14414K, committed 14464K, reserved 1048576K
Event: 1021.654 GC heap after
Heap after GC invocations=29 (full 4):
 PSYoungGen      total 445952K, used 42298K [0x00000000e0000000, 0x0000000100000000, 0x0000000100000000)
  eden space 403456K, 0% used [0x00000000e0000000,0x00000000e0000000,0x00000000f8a00000)
  from space 42496K, 99% used [0x00000000f8a00000,0x00000000fb34eb50,0x00000000fb380000)
  to   space 64000K, 0% used [0x00000000fc180000,0x00000000fc180000,0x0000000100000000)
 ParOldGen       total 207360K, used 70395K [0x00000000a0000000, 0x00000000aca80000, 0x00000000e0000000)
  object space 207360K, 33% used [0x00000000a0000000,0x00000000a44bee40,0x00000000aca80000)
 Metaspace       used 104872K, capacity 110802K, committed 110936K, reserved 1146880K
  class space    used 13213K, capacity 14414K, committed 14464K, reserved 1048576K
}

