# JRE version: OpenJDK Runtime Environment (8.0_152-b02) (build 1.8.0_152-release-1024-b02)
# Java VM: OpenJDK 64-Bit Server VM (25.152-b02 mixed mode windows-amd64 compressed oops)
Heap:
 PSYoungGen      total 483840K, used 325724K [0x00000000e0000000, 0x00000000ffb80000, 0x0000000100000000)
  eden space 449024K, 70% used [0x00000000e0000000,0x00000000f35fb090,0x00000000fb680000)
  from space 34816K, 23% used [0x00000000fd980000,0x00000000fe19c360,0x00000000ffb80000)
  to   space 35328K, 0% used [0x00000000fb680000,0x00000000fb680000,0x00000000fd900000)
 ParOldGen       total 228352K, used 106832K [0x00000000a0000000, 0x00000000adf00000, 0x00000000e0000000)
  object space 228352K, 46% used [0x00000000a0000000,0x00000000a6854170,0x00000000adf00000)
 Metaspace       used 110691K, capacity 117326K, committed 117632K, reserved 1150976K
  class space    used 14032K, capacity 15391K, committed 15488K, reserved 1048576K
GC Heap History (10 events):
Event: 947.267 GC heap before
{Heap before GC invocations=44 (full 4):
 PSYoungGen      total 482304K, used 445713K [0x00000000e0000000, 0x00000000fff80000, 0x0000000100000000)
  eden space 440832K, 100% used [0x00000000e0000000,0x00000000fae80000,0x00000000fae80000)
  from space 41472K, 11% used [0x00000000fae80000,0x00000000fb344738,0x00000000fd700000)
  to   space 40960K, 0% used [0x00000000fd780000,0x00000000fd780000,0x00000000fff80000)
 ParOldGen       total 228352K, used 104626K [0x00000000a0000000, 0x00000000adf00000, 0x00000000e0000000)
  object space 228352K, 45% used [0x00000000a0000000,0x00000000a662cbf8,0x00000000adf00000)
 Metaspace       used 109298K, capacity 115820K, committed 116096K, reserved 1150976K
  class space    used 13895K, capacity 15202K, committed 15232K, reserved 1048576K
Event: 947.273 GC heap after
Heap after GC invocations=44 (full 4):
 PSYoungGen      total 481792K, used 2040K [0x00000000e0000000, 0x00000000ffe80000, 0x0000000100000000)
  eden space 441856K, 0% used [0x00000000e0000000,0x00000000e0000000,0x00000000faf80000)
  from space 39936K, 5% used [0x00000000fd780000,0x00000000fd97e108,0x00000000ffe80000)
  to   space 40448K, 0% used [0x00000000faf80000,0x00000000faf80000,0x00000000fd700000)
 ParOldGen       total 228352K, used 104650K [0x00000000a0000000, 0x00000000adf00000, 0x00000000e0000000)
  object space 228352K, 45% used [0x00000000a0000000,0x00000000a6632bf8,0x00000000adf00000)
 Metaspace       used 109298K, capacity 115820K, committed 116096K, reserved 1150976K
  class space    used 13895K, capacity 15202K, committed 15232K, reserved 1048576K
}
Event: 947.874 GC heap before
{Heap before GC invocations=45 (full 4):
 PSYoungGen      total 481792K, used 443896K [0x00000000e0000000, 0x00000000ffe80000, 0x0000000100000000)
  eden space 441856K, 100% used [0x00000000e0000000,0x00000000faf80000,0x00000000faf80000)
  from space 39936K, 5% used [0x00000000fd780000,0x00000000fd97e108,0x00000000ffe80000)
  to   space 40448K, 0% used [0x00000000faf80000,0x00000000faf80000,0x00000000fd700000)
 ParOldGen       total 228352K, used 104650K [0x00000000a0000000, 0x00000000adf00000, 0x00000000e0000000)
  object space 228352K, 45% used [0x00000000a0000000,0x00000000a6632bf8,0x00000000adf00000)
 Metaspace       used 109328K, capacity 115820K, committed 116096K, reserved 1150976K
  class space    used 13895K, capacity 15202K, committed 15232K, reserved 1048576K
Event: 947.886 GC heap after
Heap after GC invocations=45 (full 4):
 PSYoungGen      total 482304K, used 6996K [0x00000000e0000000, 0x00000000ffe80000, 0x0000000100000000)
  eden space 441856K, 0% used [0x00000000e0000000,0x00000000e0000000,0x00000000faf80000)
  from space 40448K, 17% used [0x00000000faf80000,0x00000000fb6552f0,0x00000000fd700000)
  to   space 39424K, 0% used [0x00000000fd800000,0x00000000fd800000,0x00000000ffe80000)
 ParOldGen       total 228352K, used 105640K [0x00000000a0000000, 0x00000000adf00000, 0x00000000e0000000)
  object space 228352K, 46% used [0x00000000a0000000,0x00000000a672a130,0x00000000adf00000)
 Metaspace       used 109328K, capacity 115820K, committed 116096K, reserved 1150976K
  class space    used 13895K, capacity 15202K, committed 15232K, reserved 1048576K
}
Event: 948.920 GC heap before
{Heap before GC invocations=46 (full 4):
 PSYoungGen      total 482304K, used 448852K [0x00000000e0000000, 0x00000000ffe80000, 0x0000000100000000)
  eden space 441856K, 100% used [0x00000000e0000000,0x00000000faf80000,0x00000000faf80000)
  from space 40448K, 17% used [0x00000000faf80000,0x00000000fb6552f0,0x00000000fd700000)
  to   space 39424K, 0% used [0x00000000fd800000,0x00000000fd800000,0x00000000ffe80000)
 ParOldGen       total 228352K, used 105640K [0x00000000a0000000, 0x00000000adf00000, 0x00000000e0000000)
  object space 228352K, 46% used [0x00000000a0000000,0x00000000a672a130,0x00000000adf00000)
 Metaspace       used 109376K, capacity 115892K, committed 116096K, reserved 1150976K
  class space    used 13896K, capacity 15204K, committed 15232K, reserved 1048576K
Event: 948.928 GC heap after
Heap after GC invocations=46 (full 4):
 PSYoungGen      total 482304K, used 3419K [0x00000000e0000000, 0x00000000ffd00000, 0x0000000100000000)
  eden space 444416K, 0% used [0x00000000e0000000,0x00000000e0000000,0x00000000fb200000)
  from space 37888K, 9% used [0x00000000fd800000,0x00000000fdb56d40,0x00000000ffd00000)
  to   space 38400K, 0% used [0x00000000fb200000,0x00000000fb200000,0x00000000fd780000)
 ParOldGen       total 228352K, used 106816K [0x00000000a0000000, 0x00000000adf00000, 0x00000000e0000000)
  object space 228352K, 46% used [0x00000000a0000000,0x00000000a6850170,0x00000000adf00000)
 Metaspace       used 109376K, capacity 115892K, committed 116096K, reserved 1150976K
  class space    used 13896K, capacity 15204K, committed 15232K, reserved 1048576K
}
Event: 951.222 GC heap before
{Heap before GC invocations=47 (full 4):
 PSYoungGen      total 482304K, used 447835K [0x00000000e0000000, 0x00000000ffd00000, 0x0000000100000000)
  eden space 444416K, 100% used [0x00000000e0000000,0x00000000fb200000,0x00000000fb200000)
  from space 37888K, 9% used [0x00000000fd800000,0x00000000fdb56d40,0x00000000ffd00000)
  to   space 38400K, 0% used [0x00000000fb200000,0x00000000fb200000,0x00000000fd780000)
 ParOldGen       total 228352K, used 106816K [0x00000000a0000000, 0x00000000adf00000, 0x00000000e0000000)
  object space 228352K, 46% used [0x00000000a0000000,0x00000000a6850170,0x00000000adf00000)
 Metaspace       used 109581K, capacity 116070K, committed 116224K, reserved 1150976K
  class space    used 13904K, capacity 15239K, committed 15360K, reserved 1048576K
Event: 951.243 GC heap after
Heap after GC invocations=47 (full 4):
 PSYoungGen      total 482816K, used 14851K [0x00000000e0000000, 0x00000000ffd80000, 0x0000000100000000)
  eden space 444416K, 0% used [0x00000000e0000000,0x00000000e0000000,0x00000000fb200000)
  from space 38400K, 38% used [0x00000000fb200000,0x00000000fc080e68,0x00000000fd780000)
  to   space 36864K, 0% used [0x00000000fd980000,0x00000000fd980000,0x00000000ffd80000)
 ParOldGen       total 228352K, used 106824K [0x00000000a0000000, 0x00000000adf00000, 0x00000000e0000000)
  object space 228352K, 46% used [0x00000000a0000000,0x00000000a6852170,0x00000000adf00000)
 Metaspace       used 109581K, capacity 116070K, committed 116224K, reserved 1150976K
  class space    used 13904K, capacity 15239K, committed 15360K, reserved 1048576K
}
Event: 957.123 GC heap before
{Heap before GC invocations=48 (full 4):
 PSYoungGen      total 482816K, used 459267K [0x00000000e0000000, 0x00000000ffd80000, 0x0000000100000000)
  eden space 444416K, 100% used [0x00000000e0000000,0x00000000fb200000,0x00000000fb200000)
  from space 38400K, 38% used [0x00000000fb200000,0x00000000fc080e68,0x00000000fd780000)
  to   space 36864K, 0% used [0x00000000fd980000,0x00000000fd980000,0x00000000ffd80000)
 ParOldGen       total 228352K, used 106824K [0x00000000a0000000, 0x00000000adf00000, 0x00000000e0000000)
  object space 228352K, 46% used [0x00000000a0000000,0x00000000a6852170,0x00000000adf00000)
 Metaspace       used 110267K, capacity 116856K, committed 116992K, reserved 1150976K
  class space    used 13970K, capacity 15346K, committed 15360K, reserved 1048576K
Event: 957.136 GC heap after
Heap after GC invocations=48 (full 4):
 PSYoungGen      total 483840K, used 8304K [0x00000000e0000000, 0x00000000ffb80000, 0x0000000100000000)
  eden space 449024K, 0% used [0x00000000e0000000,0x00000000e0000000,0x00000000fb680000)
  from space 34816K, 23% used [0x00000000fd980000,0x00000000fe19c360,0x00000000ffb80000)
  to   space 35328K, 0% used [0x00000000fb680000,0x00000000fb680000,0x00000000fd900000)
 ParOldGen       total 228352K, used 106832K [0x00000000a0000000, 0x00000000adf00000, 0x00000000e0000000)
  object space 228352K, 46% used [0x00000000a0000000,0x00000000a6854170,0x00000000adf00000)
 Metaspace       used 110267K, capacity 116856K, committed 116992K, reserved 1150976K
  class space    used 13970K, capacity 15346K, committed 15360K, reserved 1048576K
}

