# JRE version: OpenJDK Runtime Environment (8.0_152-b02) (build 1.8.0_152-release-1024-b02)
# Java VM: OpenJDK 64-Bit Server VM (25.152-b02 mixed mode windows-amd64 compressed oops)
Heap:
 PSYoungGen      total 270848K, used 155441K [0x00000000eab00000, 0x0000000100000000, 0x0000000100000000)
  eden space 198656K, 78% used [0x00000000eab00000,0x00000000f429c4b8,0x00000000f6d00000)
  from space 72192K, 0% used [0x00000000f6d00000,0x00000000f6d30000,0x00000000fb380000)
  to   space 70656K, 0% used [0x00000000fbb00000,0x00000000fbb00000,0x0000000100000000)
 ParOldGen       total 310272K, used 106899K [0x00000000c0000000, 0x00000000d2f00000, 0x00000000eab00000)
  object space 310272K, 34% used [0x00000000c0000000,0x00000000c6864e60,0x00000000d2f00000)
 Metaspace       used 81955K, capacity 85971K, committed 86784K, reserved 1124352K
  class space    used 10249K, capacity 10997K, committed 11264K, reserved 1048576K
GC Heap History (10 events):
Event: 761.703 GC heap before
{Heap before GC invocations=52 (full 4):
 PSYoungGen      total 286208K, used 232414K [0x00000000eab00000, 0x0000000100000000, 0x0000000100000000)
  eden space 223232K, 100% used [0x00000000eab00000,0x00000000f8500000,0x00000000f8500000)
  from space 62976K, 14% used [0x00000000f8500000,0x00000000f8df7828,0x00000000fc280000)
  to   space 60416K, 0% used [0x00000000fc500000,0x00000000fc500000,0x0000000100000000)
 ParOldGen       total 251392K, used 167713K [0x00000000c0000000, 0x00000000cf580000, 0x00000000eab00000)
  object space 251392K, 66% used [0x00000000c0000000,0x00000000ca3c8408,0x00000000cf580000)
 Metaspace       used 80678K, capacity 84659K, committed 85888K, reserved 1124352K
  class space    used 10040K, capacity 10781K, committed 11136K, reserved 1048576K
Event: 761.720 GC heap after
Heap after GC invocations=52 (full 4):
 PSYoungGen      total 253952K, used 60408K [0x00000000eab00000, 0x0000000100000000, 0x0000000100000000)
  eden space 193536K, 0% used [0x00000000eab00000,0x00000000eab00000,0x00000000f6800000)
  from space 60416K, 99% used [0x00000000fc500000,0x00000000ffffe198,0x0000000100000000)
  to   space 77824K, 0% used [0x00000000f6800000,0x00000000f6800000,0x00000000fb400000)
 ParOldGen       total 251392K, used 184098K [0x00000000c0000000, 0x00000000cf580000, 0x00000000eab00000)
  object space 251392K, 73% used [0x00000000c0000000,0x00000000cb3c8898,0x00000000cf580000)
 Metaspace       used 80678K, capacity 84659K, committed 85888K, reserved 1124352K
  class space    used 10040K, capacity 10781K, committed 11136K, reserved 1048576K
}
Event: 762.121 GC heap before
{Heap before GC invocations=53 (full 4):
 PSYoungGen      total 253952K, used 253345K [0x00000000eab00000, 0x0000000100000000, 0x0000000100000000)
  eden space 193536K, 99% used [0x00000000eab00000,0x00000000f676a2b0,0x00000000f6800000)
  from space 60416K, 99% used [0x00000000fc500000,0x00000000ffffe198,0x0000000100000000)
  to   space 77824K, 0% used [0x00000000f6800000,0x00000000f6800000,0x00000000fb400000)
 ParOldGen       total 251392K, used 184098K [0x00000000c0000000, 0x00000000cf580000, 0x00000000eab00000)
  object space 251392K, 73% used [0x00000000c0000000,0x00000000cb3c8898,0x00000000cf580000)
 Metaspace       used 80841K, capacity 84857K, committed 85888K, reserved 1124352K
  class space    used 10070K, capacity 10822K, committed 11136K, reserved 1048576K
Event: 762.134 GC heap after
Heap after GC invocations=53 (full 4):
 PSYoungGen      total 271360K, used 20635K [0x00000000eab00000, 0x0000000100000000, 0x0000000100000000)
  eden space 193536K, 0% used [0x00000000eab00000,0x00000000eab00000,0x00000000f6800000)
  from space 77824K, 26% used [0x00000000f6800000,0x00000000f7c26c60,0x00000000fb400000)
  to   space 72704K, 0% used [0x00000000fb900000,0x00000000fb900000,0x0000000100000000)
 ParOldGen       total 251392K, used 221075K [0x00000000c0000000, 0x00000000cf580000, 0x00000000eab00000)
  object space 251392K, 87% used [0x00000000c0000000,0x00000000cd7e4e08,0x00000000cf580000)
 Metaspace       used 80841K, capacity 84857K, committed 85888K, reserved 1124352K
  class space    used 10070K, capacity 10822K, committed 11136K, reserved 1048576K
}
Event: 762.134 GC heap before
{Heap before GC invocations=54 (full 5):
 PSYoungGen      total 271360K, used 20635K [0x00000000eab00000, 0x0000000100000000, 0x0000000100000000)
  eden space 193536K, 0% used [0x00000000eab00000,0x00000000eab00000,0x00000000f6800000)
  from space 77824K, 26% used [0x00000000f6800000,0x00000000f7c26c60,0x00000000fb400000)
  to   space 72704K, 0% used [0x00000000fb900000,0x00000000fb900000,0x0000000100000000)
 ParOldGen       total 251392K, used 221075K [0x00000000c0000000, 0x00000000cf580000, 0x00000000eab00000)
  object space 251392K, 87% used [0x00000000c0000000,0x00000000cd7e4e08,0x00000000cf580000)
 Metaspace       used 80841K, capacity 84857K, committed 85888K, reserved 1124352K
  class space    used 10070K, capacity 10822K, committed 11136K, reserved 1048576K
Event: 762.272 GC heap after
Heap after GC invocations=54 (full 5):
 PSYoungGen      total 271360K, used 0K [0x00000000eab00000, 0x0000000100000000, 0x0000000100000000)
  eden space 193536K, 0% used [0x00000000eab00000,0x00000000eab00000,0x00000000f6800000)
  from space 77824K, 0% used [0x00000000f6800000,0x00000000f6800000,0x00000000fb400000)
  to   space 72704K, 0% used [0x00000000fb900000,0x00000000fb900000,0x0000000100000000)
 ParOldGen       total 310272K, used 106851K [0x00000000c0000000, 0x00000000d2f00000, 0x00000000eab00000)
  object space 310272K, 34% used [0x00000000c0000000,0x00000000c6858e60,0x00000000d2f00000)
 Metaspace       used 80841K, capacity 84857K, committed 85888K, reserved 1124352K
  class space    used 10070K, capacity 10822K, committed 11136K, reserved 1048576K
}
Event: 762.287 GC heap before
{Heap before GC invocations=55 (full 5):
 PSYoungGen      total 271360K, used 193256K [0x00000000eab00000, 0x0000000100000000, 0x0000000100000000)
  eden space 193536K, 99% used [0x00000000eab00000,0x00000000f67ba328,0x00000000f6800000)
  from space 77824K, 0% used [0x00000000f6800000,0x00000000f6800000,0x00000000fb400000)
  to   space 72704K, 0% used [0x00000000fb900000,0x00000000fb900000,0x0000000100000000)
 ParOldGen       total 310272K, used 106851K [0x00000000c0000000, 0x00000000d2f00000, 0x00000000eab00000)
  object space 310272K, 34% used [0x00000000c0000000,0x00000000c6858e60,0x00000000d2f00000)
 Metaspace       used 80842K, capacity 84857K, committed 85888K, reserved 1124352K
  class space    used 10070K, capacity 10822K, committed 11136K, reserved 1048576K
Event: 762.291 GC heap after
Heap after GC invocations=55 (full 5):
 PSYoungGen      total 265216K, used 160K [0x00000000eab00000, 0x00000000ffa00000, 0x0000000100000000)
  eden space 198656K, 0% used [0x00000000eab00000,0x00000000eab00000,0x00000000f6d00000)
  from space 66560K, 0% used [0x00000000fb900000,0x00000000fb928000,0x00000000ffa00000)
  to   space 72192K, 0% used [0x00000000f6d00000,0x00000000f6d00000,0x00000000fb380000)
 ParOldGen       total 310272K, used 106851K [0x00000000c0000000, 0x00000000d2f00000, 0x00000000eab00000)
  object space 310272K, 34% used [0x00000000c0000000,0x00000000c6858e60,0x00000000d2f00000)
 Metaspace       used 80842K, capacity 84857K, committed 85888K, reserved 1124352K
  class space    used 10070K, capacity 10822K, committed 11136K, reserved 1048576K
}
Event: 762.314 GC heap before
{Heap before GC invocations=56 (full 5):
 PSYoungGen      total 265216K, used 198303K [0x00000000eab00000, 0x00000000ffa00000, 0x0000000100000000)
  eden space 198656K, 99% used [0x00000000eab00000,0x00000000f6c7fc08,0x00000000f6d00000)
  from space 66560K, 0% used [0x00000000fb900000,0x00000000fb928000,0x00000000ffa00000)
  to   space 72192K, 0% used [0x00000000f6d00000,0x00000000f6d00000,0x00000000fb380000)
 ParOldGen       total 310272K, used 106851K [0x00000000c0000000, 0x00000000d2f00000, 0x00000000eab00000)
  object space 310272K, 34% used [0x00000000c0000000,0x00000000c6858e60,0x00000000d2f00000)
 Metaspace       used 80848K, capacity 84857K, committed 85888K, reserved 1124352K
  class space    used 10070K, capacity 10822K, committed 11136K, reserved 1048576K
Event: 762.316 GC heap after
Heap after GC invocations=56 (full 5):
 PSYoungGen      total 270848K, used 192K [0x00000000eab00000, 0x0000000100000000, 0x0000000100000000)
  eden space 198656K, 0% used [0x00000000eab00000,0x00000000eab00000,0x00000000f6d00000)
  from space 72192K, 0% used [0x00000000f6d00000,0x00000000f6d30000,0x00000000fb380000)
  to   space 70656K, 0% used [0x00000000fbb00000,0x00000000fbb00000,0x0000000100000000)
 ParOldGen       total 310272K, used 106899K [0x00000000c0000000, 0x00000000d2f00000, 0x00000000eab00000)
  object space 310272K, 34% used [0x00000000c0000000,0x00000000c6864e60,0x00000000d2f00000)
 Metaspace       used 80848K, capacity 84857K, committed 85888K, reserved 1124352K
  class space    used 10070K, capacity 10822K, committed 11136K, reserved 1048576K
}

