# JRE version: OpenJDK Runtime Environment (8.0_152-b02) (build 1.8.0_152-release-1024-b02)
# Java VM: OpenJDK 64-Bit Server VM (25.152-b02 mixed mode windows-amd64 compressed oops)
Heap:
 PSYoungGen      total 100352K, used 81864K [0x00000000eab00000, 0x00000000f1c80000, 0x0000000100000000)
  eden space 88576K, 80% used [0x00000000eab00000,0x00000000ef048190,0x00000000f0180000)
  from space 11776K, 92% used [0x00000000f1100000,0x00000000f1baa1b0,0x00000000f1c80000)
  to   space 13824K, 0% used [0x00000000f0180000,0x00000000f0180000,0x00000000f0f00000)
 ParOldGen       total 97792K, used 17340K [0x00000000c0000000, 0x00000000c5f80000, 0x00000000eab00000)
  object space 97792K, 17% used [0x00000000c0000000,0x00000000c10ef138,0x00000000c5f80000)
 Metaspace       used 45037K, capacity 46200K, committed 46296K, reserved 1089536K
  class space    used 6223K, capacity 6598K, committed 6616K, reserved 1048576K
GC Heap History (10 events):
Event: 3.481 GC heap before
{Heap before GC invocations=8 (full 1):
 PSYoungGen      total 52736K, used 52578K [0x00000000eab00000, 0x00000000ef880000, 0x0000000100000000)
  eden space 49152K, 100% used [0x00000000eab00000,0x00000000edb00000,0x00000000edb00000)
  from space 3584K, 95% used [0x00000000ef500000,0x00000000ef858960,0x00000000ef880000)
  to   space 10752K, 0% used [0x00000000ee380000,0x00000000ee380000,0x00000000eee00000)
 ParOldGen       total 61440K, used 8312K [0x00000000c0000000, 0x00000000c3c00000, 0x00000000eab00000)
  object space 61440K, 13% used [0x00000000c0000000,0x00000000c081e1c0,0x00000000c3c00000)
 Metaspace       used 27270K, capacity 27916K, committed 28032K, reserved 1073152K
  class space    used 3766K, capacity 3946K, committed 3968K, reserved 1048576K
Event: 3.489 GC heap after
Heap after GC invocations=8 (full 1):
 PSYoungGen      total 68608K, used 6849K [0x00000000eab00000, 0x00000000f0580000, 0x0000000100000000)
  eden space 57856K, 0% used [0x00000000eab00000,0x00000000eab00000,0x00000000ee380000)
  from space 10752K, 63% used [0x00000000ee380000,0x00000000eea307e8,0x00000000eee00000)
  to   space 10240K, 0% used [0x00000000efb80000,0x00000000efb80000,0x00000000f0580000)
 ParOldGen       total 61440K, used 8320K [0x00000000c0000000, 0x00000000c3c00000, 0x00000000eab00000)
  object space 61440K, 13% used [0x00000000c0000000,0x00000000c08201c0,0x00000000c3c00000)
 Metaspace       used 27270K, capacity 27916K, committed 28032K, reserved 1073152K
  class space    used 3766K, capacity 3946K, committed 3968K, reserved 1048576K
}
Event: 4.291 GC heap before
{Heap before GC invocations=9 (full 1):
 PSYoungGen      total 68608K, used 64705K [0x00000000eab00000, 0x00000000f0580000, 0x0000000100000000)
  eden space 57856K, 100% used [0x00000000eab00000,0x00000000ee380000,0x00000000ee380000)
  from space 10752K, 63% used [0x00000000ee380000,0x00000000eea307e8,0x00000000eee00000)
  to   space 10240K, 0% used [0x00000000efb80000,0x00000000efb80000,0x00000000f0580000)
 ParOldGen       total 61440K, used 8320K [0x00000000c0000000, 0x00000000c3c00000, 0x00000000eab00000)
  object space 61440K, 13% used [0x00000000c0000000,0x00000000c08201c0,0x00000000c3c00000)
 Metaspace       used 30476K, capacity 31144K, committed 31488K, reserved 1077248K
  class space    used 4288K, capacity 4489K, committed 4608K, reserved 1048576K
Event: 4.302 GC heap after
Heap after GC invocations=9 (full 1):
 PSYoungGen      total 80896K, used 10205K [0x00000000eab00000, 0x00000000f1480000, 0x0000000100000000)
  eden space 70656K, 0% used [0x00000000eab00000,0x00000000eab00000,0x00000000ef000000)
  from space 10240K, 99% used [0x00000000efb80000,0x00000000f05776f0,0x00000000f0580000)
  to   space 11776K, 0% used [0x00000000ef000000,0x00000000ef000000,0x00000000efb80000)
 ParOldGen       total 61440K, used 8328K [0x00000000c0000000, 0x00000000c3c00000, 0x00000000eab00000)
  object space 61440K, 13% used [0x00000000c0000000,0x00000000c08221c0,0x00000000c3c00000)
 Metaspace       used 30476K, capacity 31144K, committed 31488K, reserved 1077248K
  class space    used 4288K, capacity 4489K, committed 4608K, reserved 1048576K
}
Event: 4.635 GC heap before
{Heap before GC invocations=10 (full 1):
 PSYoungGen      total 80896K, used 35589K [0x00000000eab00000, 0x00000000f1480000, 0x0000000100000000)
  eden space 70656K, 35% used [0x00000000eab00000,0x00000000ec3ca0b0,0x00000000ef000000)
  from space 10240K, 99% used [0x00000000efb80000,0x00000000f05776f0,0x00000000f0580000)
  to   space 11776K, 0% used [0x00000000ef000000,0x00000000ef000000,0x00000000efb80000)
 ParOldGen       total 61440K, used 8328K [0x00000000c0000000, 0x00000000c3c00000, 0x00000000eab00000)
  object space 61440K, 13% used [0x00000000c0000000,0x00000000c08221c0,0x00000000c3c00000)
 Metaspace       used 34390K, capacity 35268K, committed 35416K, reserved 1079296K
  class space    used 4831K, capacity 5123K, committed 5208K, reserved 1048576K
Event: 4.643 GC heap after
Heap after GC invocations=10 (full 1):
 PSYoungGen      total 82432K, used 10816K [0x00000000eab00000, 0x00000000f1d80000, 0x0000000100000000)
  eden space 70656K, 0% used [0x00000000eab00000,0x00000000eab00000,0x00000000ef000000)
  from space 11776K, 91% used [0x00000000ef000000,0x00000000efa90020,0x00000000efb80000)
  to   space 12800K, 0% used [0x00000000f1100000,0x00000000f1100000,0x00000000f1d80000)
 ParOldGen       total 61440K, used 8336K [0x00000000c0000000, 0x00000000c3c00000, 0x00000000eab00000)
  object space 61440K, 13% used [0x00000000c0000000,0x00000000c08241c0,0x00000000c3c00000)
 Metaspace       used 34390K, capacity 35268K, committed 35416K, reserved 1079296K
  class space    used 4831K, capacity 5123K, committed 5208K, reserved 1048576K
}
Event: 4.643 GC heap before
{Heap before GC invocations=11 (full 2):
 PSYoungGen      total 82432K, used 10816K [0x00000000eab00000, 0x00000000f1d80000, 0x0000000100000000)
  eden space 70656K, 0% used [0x00000000eab00000,0x00000000eab00000,0x00000000ef000000)
  from space 11776K, 91% used [0x00000000ef000000,0x00000000efa90020,0x00000000efb80000)
  to   space 12800K, 0% used [0x00000000f1100000,0x00000000f1100000,0x00000000f1d80000)
 ParOldGen       total 61440K, used 8336K [0x00000000c0000000, 0x00000000c3c00000, 0x00000000eab00000)
  object space 61440K, 13% used [0x00000000c0000000,0x00000000c08241c0,0x00000000c3c00000)
 Metaspace       used 34390K, capacity 35268K, committed 35416K, reserved 1079296K
  class space    used 4831K, capacity 5123K, committed 5208K, reserved 1048576K
Event: 4.706 GC heap after
Heap after GC invocations=11 (full 2):
 PSYoungGen      total 82432K, used 0K [0x00000000eab00000, 0x00000000f1d80000, 0x0000000100000000)
  eden space 70656K, 0% used [0x00000000eab00000,0x00000000eab00000,0x00000000ef000000)
  from space 11776K, 0% used [0x00000000ef000000,0x00000000ef000000,0x00000000efb80000)
  to   space 12800K, 0% used [0x00000000f1100000,0x00000000f1100000,0x00000000f1d80000)
 ParOldGen       total 97792K, used 17332K [0x00000000c0000000, 0x00000000c5f80000, 0x00000000eab00000)
  object space 97792K, 17% used [0x00000000c0000000,0x00000000c10ed138,0x00000000c5f80000)
 Metaspace       used 34390K, capacity 35268K, committed 35416K, reserved 1079296K
  class space    used 4831K, capacity 5123K, committed 5208K, reserved 1048576K
}
Event: 5.369 GC heap before
{Heap before GC invocations=12 (full 2):
 PSYoungGen      total 82432K, used 70656K [0x00000000eab00000, 0x00000000f1d80000, 0x0000000100000000)
  eden space 70656K, 100% used [0x00000000eab00000,0x00000000ef000000,0x00000000ef000000)
  from space 11776K, 0% used [0x00000000ef000000,0x00000000ef000000,0x00000000efb80000)
  to   space 12800K, 0% used [0x00000000f1100000,0x00000000f1100000,0x00000000f1d80000)
 ParOldGen       total 97792K, used 17332K [0x00000000c0000000, 0x00000000c5f80000, 0x00000000eab00000)
  object space 97792K, 17% used [0x00000000c0000000,0x00000000c10ed138,0x00000000c5f80000)
 Metaspace       used 38605K, capacity 39530K, committed 39768K, reserved 1083392K
  class space    used 5304K, capacity 5626K, committed 5720K, reserved 1048576K
Event: 5.379 GC heap after
Heap after GC invocations=12 (full 2):
 PSYoungGen      total 100352K, used 10920K [0x00000000eab00000, 0x00000000f1c80000, 0x0000000100000000)
  eden space 88576K, 0% used [0x00000000eab00000,0x00000000eab00000,0x00000000f0180000)
  from space 11776K, 92% used [0x00000000f1100000,0x00000000f1baa1b0,0x00000000f1c80000)
  to   space 13824K, 0% used [0x00000000f0180000,0x00000000f0180000,0x00000000f0f00000)
 ParOldGen       total 97792K, used 17340K [0x00000000c0000000, 0x00000000c5f80000, 0x00000000eab00000)
  object space 97792K, 17% used [0x00000000c0000000,0x00000000c10ef138,0x00000000c5f80000)
 Metaspace       used 38605K, capacity 39530K, committed 39768K, reserved 1083392K
  class space    used 5304K, capacity 5626K, committed 5720K, reserved 1048576K
}

