# JRE version: OpenJDK Runtime Environment (8.0_152-b02) (build 1.8.0_152-release-1024-b02)
# Java VM: OpenJDK 64-Bit Server VM (25.152-b02 mixed mode windows-amd64 compressed oops)
Heap:
 PSYoungGen      total 136192K, used 118716K [0x00000000eab00000, 0x00000000f3500000, 0x0000000100000000)
  eden space 131072K, 90% used [0x00000000eab00000,0x00000000f1eef220,0x00000000f2b00000)
  from space 5120K, 0% used [0x00000000f3000000,0x00000000f3000000,0x00000000f3500000)
  to   space 5120K, 0% used [0x00000000f2b00000,0x00000000f2b00000,0x00000000f3000000)
 ParOldGen       total 103424K, used 18650K [0x00000000c0000000, 0x00000000c6500000, 0x00000000eab00000)
  object space 103424K, 18% used [0x00000000c0000000,0x00000000c1236ab8,0x00000000c6500000)
 Metaspace       used 43667K, capacity 44766K, committed 45016K, reserved 1087488K
  class space    used 5911K, capacity 6291K, committed 6400K, reserved 1048576K
GC Heap History (10 events):
Event: 5.314 GC heap before
{Heap before GC invocations=4 (full 0):
 PSYoungGen      total 70656K, used 22934K [0x00000000eab00000, 0x00000000f3500000, 0x0000000100000000)
  eden space 65536K, 27% used [0x00000000eab00000,0x00000000ebc69bb8,0x00000000eeb00000)
  from space 5120K, 99% used [0x00000000eeb00000,0x00000000eeffc030,0x00000000ef000000)
  to   space 5120K, 0% used [0x00000000f3000000,0x00000000f3000000,0x00000000f3500000)
 ParOldGen       total 86016K, used 6060K [0x00000000c0000000, 0x00000000c5400000, 0x00000000eab00000)
  object space 86016K, 7% used [0x00000000c0000000,0x00000000c05eb200,0x00000000c5400000)
 Metaspace       used 20855K, capacity 21232K, committed 21248K, reserved 1067008K
  class space    used 2919K, capacity 3071K, committed 3072K, reserved 1048576K
Event: 5.321 GC heap after
Heap after GC invocations=4 (full 0):
 PSYoungGen      total 136192K, used 5112K [0x00000000eab00000, 0x00000000f3500000, 0x0000000100000000)
  eden space 131072K, 0% used [0x00000000eab00000,0x00000000eab00000,0x00000000f2b00000)
  from space 5120K, 99% used [0x00000000f3000000,0x00000000f34fe300,0x00000000f3500000)
  to   space 5120K, 0% used [0x00000000f2b00000,0x00000000f2b00000,0x00000000f3000000)
 ParOldGen       total 86016K, used 9096K [0x00000000c0000000, 0x00000000c5400000, 0x00000000eab00000)
  object space 86016K, 10% used [0x00000000c0000000,0x00000000c08e22d8,0x00000000c5400000)
 Metaspace       used 20855K, capacity 21232K, committed 21248K, reserved 1067008K
  class space    used 2919K, capacity 3071K, committed 3072K, reserved 1048576K
}
Event: 5.321 GC heap before
{Heap before GC invocations=5 (full 1):
 PSYoungGen      total 136192K, used 5112K [0x00000000eab00000, 0x00000000f3500000, 0x0000000100000000)
  eden space 131072K, 0% used [0x00000000eab00000,0x00000000eab00000,0x00000000f2b00000)
  from space 5120K, 99% used [0x00000000f3000000,0x00000000f34fe300,0x00000000f3500000)
  to   space 5120K, 0% used [0x00000000f2b00000,0x00000000f2b00000,0x00000000f3000000)
 ParOldGen       total 86016K, used 9096K [0x00000000c0000000, 0x00000000c5400000, 0x00000000eab00000)
  object space 86016K, 10% used [0x00000000c0000000,0x00000000c08e22d8,0x00000000c5400000)
 Metaspace       used 20855K, capacity 21232K, committed 21248K, reserved 1067008K
  class space    used 2919K, capacity 3071K, committed 3072K, reserved 1048576K
Event: 5.359 GC heap after
Heap after GC invocations=5 (full 1):
 PSYoungGen      total 136192K, used 0K [0x00000000eab00000, 0x00000000f3500000, 0x0000000100000000)
  eden space 131072K, 0% used [0x00000000eab00000,0x00000000eab00000,0x00000000f2b00000)
  from space 5120K, 0% used [0x00000000f3000000,0x00000000f3000000,0x00000000f3500000)
  to   space 5120K, 0% used [0x00000000f2b00000,0x00000000f2b00000,0x00000000f3000000)
 ParOldGen       total 59904K, used 8458K [0x00000000c0000000, 0x00000000c3a80000, 0x00000000eab00000)
  object space 59904K, 14% used [0x00000000c0000000,0x00000000c0842860,0x00000000c3a80000)
 Metaspace       used 20855K, capacity 21232K, committed 21248K, reserved 1067008K
  class space    used 2919K, capacity 3071K, committed 3072K, reserved 1048576K
}
Event: 7.199 GC heap before
{Heap before GC invocations=6 (full 1):
 PSYoungGen      total 136192K, used 131072K [0x00000000eab00000, 0x00000000f3500000, 0x0000000100000000)
  eden space 131072K, 100% used [0x00000000eab00000,0x00000000f2b00000,0x00000000f2b00000)
  from space 5120K, 0% used [0x00000000f3000000,0x00000000f3000000,0x00000000f3500000)
  to   space 5120K, 0% used [0x00000000f2b00000,0x00000000f2b00000,0x00000000f3000000)
 ParOldGen       total 59904K, used 8458K [0x00000000c0000000, 0x00000000c3a80000, 0x00000000eab00000)
  object space 59904K, 14% used [0x00000000c0000000,0x00000000c0842860,0x00000000c3a80000)
 Metaspace       used 30255K, capacity 30928K, committed 31232K, reserved 1075200K
  class space    used 4260K, capacity 4481K, committed 4608K, reserved 1048576K
Event: 7.211 GC heap after
Heap after GC invocations=6 (full 1):
 PSYoungGen      total 136192K, used 5104K [0x00000000eab00000, 0x00000000f3500000, 0x0000000100000000)
  eden space 131072K, 0% used [0x00000000eab00000,0x00000000eab00000,0x00000000f2b00000)
  from space 5120K, 99% used [0x00000000f2b00000,0x00000000f2ffc030,0x00000000f3000000)
  to   space 5120K, 0% used [0x00000000f3000000,0x00000000f3000000,0x00000000f3500000)
 ParOldGen       total 59904K, used 17306K [0x00000000c0000000, 0x00000000c3a80000, 0x00000000eab00000)
  object space 59904K, 28% used [0x00000000c0000000,0x00000000c10e6b00,0x00000000c3a80000)
 Metaspace       used 30255K, capacity 30928K, committed 31232K, reserved 1075200K
  class space    used 4260K, capacity 4481K, committed 4608K, reserved 1048576K
}
Event: 8.070 GC heap before
{Heap before GC invocations=7 (full 1):
 PSYoungGen      total 136192K, used 50940K [0x00000000eab00000, 0x00000000f3500000, 0x0000000100000000)
  eden space 131072K, 34% used [0x00000000eab00000,0x00000000ed7c3078,0x00000000f2b00000)
  from space 5120K, 99% used [0x00000000f2b00000,0x00000000f2ffc030,0x00000000f3000000)
  to   space 5120K, 0% used [0x00000000f3000000,0x00000000f3000000,0x00000000f3500000)
 ParOldGen       total 59904K, used 17306K [0x00000000c0000000, 0x00000000c3a80000, 0x00000000eab00000)
  object space 59904K, 28% used [0x00000000c0000000,0x00000000c10e6b00,0x00000000c3a80000)
 Metaspace       used 34312K, capacity 35208K, committed 35416K, reserved 1079296K
  class space    used 4730K, capacity 4990K, committed 4992K, reserved 1048576K
Event: 8.080 GC heap after
Heap after GC invocations=7 (full 1):
 PSYoungGen      total 136192K, used 5112K [0x00000000eab00000, 0x00000000f3500000, 0x0000000100000000)
  eden space 131072K, 0% used [0x00000000eab00000,0x00000000eab00000,0x00000000f2b00000)
  from space 5120K, 99% used [0x00000000f3000000,0x00000000f34fe0b0,0x00000000f3500000)
  to   space 5120K, 0% used [0x00000000f2b00000,0x00000000f2b00000,0x00000000f3000000)
 ParOldGen       total 59904K, used 22785K [0x00000000c0000000, 0x00000000c3a80000, 0x00000000eab00000)
  object space 59904K, 38% used [0x00000000c0000000,0x00000000c1640648,0x00000000c3a80000)
 Metaspace       used 34312K, capacity 35208K, committed 35416K, reserved 1079296K
  class space    used 4730K, capacity 4990K, committed 4992K, reserved 1048576K
}
Event: 8.080 GC heap before
{Heap before GC invocations=8 (full 2):
 PSYoungGen      total 136192K, used 5112K [0x00000000eab00000, 0x00000000f3500000, 0x0000000100000000)
  eden space 131072K, 0% used [0x00000000eab00000,0x00000000eab00000,0x00000000f2b00000)
  from space 5120K, 99% used [0x00000000f3000000,0x00000000f34fe0b0,0x00000000f3500000)
  to   space 5120K, 0% used [0x00000000f2b00000,0x00000000f2b00000,0x00000000f3000000)
 ParOldGen       total 59904K, used 22785K [0x00000000c0000000, 0x00000000c3a80000, 0x00000000eab00000)
  object space 59904K, 38% used [0x00000000c0000000,0x00000000c1640648,0x00000000c3a80000)
 Metaspace       used 34312K, capacity 35208K, committed 35416K, reserved 1079296K
  class space    used 4730K, capacity 4990K, committed 4992K, reserved 1048576K
Event: 8.162 GC heap after
Heap after GC invocations=8 (full 2):
 PSYoungGen      total 136192K, used 0K [0x00000000eab00000, 0x00000000f3500000, 0x0000000100000000)
  eden space 131072K, 0% used [0x00000000eab00000,0x00000000eab00000,0x00000000f2b00000)
  from space 5120K, 0% used [0x00000000f3000000,0x00000000f3000000,0x00000000f3500000)
  to   space 5120K, 0% used [0x00000000f2b00000,0x00000000f2b00000,0x00000000f3000000)
 ParOldGen       total 103424K, used 18650K [0x00000000c0000000, 0x00000000c6500000, 0x00000000eab00000)
  object space 103424K, 18% used [0x00000000c0000000,0x00000000c1236ab8,0x00000000c6500000)
 Metaspace       used 34285K, capacity 35120K, committed 35416K, reserved 1079296K
  class space    used 4722K, capacity 4982K, committed 4992K, reserved 1048576K
}

